.res RES_FONT
.bin
.include "Resorces/LastBerakning.mof"

.res RES_TILE_SELECTED
.image "Resorces/background_tile_sel.png"

.res RES_TILE_UNSELECTED
.image "Resorces/background_tile_unsel.png"

.res RES_CHECKBOX_CHECKED
.image "Resorces/checkbox_checked.png"

.res RES_CHECKBOX_UNCHECKED
.image "Resorces/checkbox_default.png"

.res RES_RADIOBUTTON_SELECTED
.image "Resorces/radiobutton_selected.png"

.res RES_RADIOBUTTON_UNSELECTED
.image "Resorces/radiobutton_unselected.png"

.res RES_TABLE_FS
.ubin
.include "Resorces/tables.bun"

.res RES_SAVED_TRUCK
.placeholder

.res RES_SAVED_TRAILER
.placeholder
